<?xml version="1.0" encoding="UTF-8"?>
<!-- Generated by org.testng.reporters.JUnitXMLReporter -->
<testsuite ignored="0" hostname="KVITSPL-0758" failures="1" tests="1" name="TC_E2E_004 - Product + Offer Import End-to-End" time="0.599" errors="0" timestamp="2026-09-21T18:09:50 IST">
  <testcase classname="FDA_Automation_Script.FDA_Automation_Script.tests.OfferAndProductModule.TC_E2E_004_Test" name="tc_e2e_004_product_import_and_offer_import_end_to_end" time="0.065">
    <failure type="java.lang.AssertionError" message="TC_E2E_004_Test — Product Excel file does not exist or is not readable: C:\Users\JanviNag\Downloads\products-en_US-20260825221353.xlsx expected [true] but found [false]">
      <![CDATA[java.lang.AssertionError: TC_E2E_004_Test — Product Excel file does not exist or is not readable: C:\Users\JanviNag\Downloads\products-en_US-20260825221353.xlsx expected [true] but found [false]
at FDA_Automation_Script.FDA_Automation_Script.tests.OfferAndProductModule.TC_E2E_004_Test.tc_e2e_004_product_import_and_offer_import_end_to_end(TC_E2E_004_Test.java:113)
at java.base/java.util.ArrayList.forEach(ArrayList.java:1596)
... Removed 28 stack frames]]>
    </failure>
  </testcase> <!-- tc_e2e_004_product_import_and_offer_import_end_to_end -->
</testsuite> <!-- TC_E2E_004 - Product + Offer Import End-to-End -->
