<?xml version="1.0" encoding="UTF-8"?>
<!-- Generated by org.testng.reporters.JUnitXMLReporter -->
<testsuite ignored="0" hostname="KVITSPL-0758" failures="0" tests="1" name="TC_OU_009 - Seller Update Offer Price via Excel Import" time="150.932" errors="0" timestamp="2026-09-21T18:12:21 IST">
  <testcase classname="FDA_Automation_Script.FDA_Automation_Script.tests.OfferAndProductModule.TC_OU_009_Test" name="tc_ou_009_seller_update_offer_price_via_excel" time="150.591"/>
</testsuite> <!-- TC_OU_009 - Seller Update Offer Price via Excel Import -->
