<?xml version="1.0" encoding="UTF-8"?>
<!-- Generated by org.testng.reporters.JUnitXMLReporter -->
<testsuite ignored="0" hostname="KVITSPL-0979" failures="1" tests="1" name="Default test" time="615.764" errors="0" timestamp="2026-09-17T13:02:25 IST">
  <testcase classname="FDA_Automation_Script.FDA_Automation_Script.tests.Tc_fileimportproductoffer_01" name="tc_fileimportproductoffer_01_bulk_import_and_publish" time="615.185">
    <failure type="org.openqa.selenium.TimeoutException" message="Expected condition failed: waiting for FDA_Automation_Script.FDA_Automation_Script.pages.mirakl.MiraklLoginPage$$Lambda/0x0000000017447918@492521c4 (tried for 600 second(s) with 3000 milliseconds interval)
Build info: version: &amp;apos;4.25.0&amp;apos;, revision: &amp;apos;8a8aea2337&amp;apos;
System info: os.name: &amp;apos;Windows 11&amp;apos;, os.arch: &amp;apos;amd64&amp;apos;, os.version: &amp;apos;10.0&amp;apos;, java.version: &amp;apos;26.0.1&amp;apos;
Driver info: org.openqa.selenium.chrome.ChromeDriver
Capabilities {acceptInsecureCerts: false, browserName: chrome, browserVersion: 152.0.7977.84, chrome: {chromedriverVersion: 152.0.7977.82 (d04cdb24d67b..., userDataDir: C:\Users\JanviNag\AppData\L...}, fedcm:accounts: true, goog:chromeOptions: {debuggerAddress: localhost:55344}, goog:processID: 17936, networkConnectionEnabled: false, pageLoadStrategy: normal, platformName: windows, proxy: Proxy(), se:cdp: ws://localhost:55344/devtoo..., se:cdpVersion: 152.0.7977.84, setWindowRect: true, strictFileInteractability: false, timeouts: {implicit: 0, pageLoad: 300000, script: 30000}, unhandledPromptBehavior: dismiss and notify, webauthn:extension:credBlob: true, webauthn:extension:largeBlob: true, webauthn:extension:minPinLength: true, webauthn:extension:prf: true, webauthn:virtualAuthenticators: true}
Session ID: 9f4d5e4d6aa94ac27c0f224e68ad0797">
      <![CDATA[org.openqa.selenium.TimeoutException: Expected condition failed: waiting for FDA_Automation_Script.FDA_Automation_Script.pages.mirakl.MiraklLoginPage$$Lambda/0x0000000017447918@492521c4 (tried for 600 second(s) with 3000 milliseconds interval)
Build info: version: '4.25.0', revision: '8a8aea2337'
System info: os.name: 'Windows 11', os.arch: 'amd64', os.version: '10.0', java.version: '26.0.1'
Driver info: org.openqa.selenium.chrome.ChromeDriver
Capabilities {acceptInsecureCerts: false, browserName: chrome, browserVersion: 152.0.7977.84, chrome: {chromedriverVersion: 152.0.7977.82 (d04cdb24d67b..., userDataDir: C:\Users\JanviNag\AppData\L...}, fedcm:accounts: true, goog:chromeOptions: {debuggerAddress: localhost:55344}, goog:processID: 17936, networkConnectionEnabled: false, pageLoadStrategy: normal, platformName: windows, proxy: Proxy(), se:cdp: ws://localhost:55344/devtoo..., se:cdpVersion: 152.0.7977.84, setWindowRect: true, strictFileInteractability: false, timeouts: {implicit: 0, pageLoad: 300000, script: 30000}, unhandledPromptBehavior: dismiss and notify, webauthn:extension:credBlob: true, webauthn:extension:largeBlob: true, webauthn:extension:minPinLength: true, webauthn:extension:prf: true, webauthn:virtualAuthenticators: true}
Session ID: 9f4d5e4d6aa94ac27c0f224e68ad0797
at org.openqa.selenium.support.ui.WebDriverWait.timeoutException(WebDriverWait.java:84)
at org.openqa.selenium.support.ui.FluentWait.until(FluentWait.java:228)
at FDA_Automation_Script.FDA_Automation_Script.pages.mirakl.MiraklLoginPage.handleMfaIfRequired(MiraklLoginPage.java:166)
at FDA_Automation_Script.FDA_Automation_Script.pages.mirakl.MiraklLoginPage.login(MiraklLoginPage.java:47)
at FDA_Automation_Script.FDA_Automation_Script.tests.Tc_fileimportproductoffer_01.tc_fileimportproductoffer_01_bulk_import_and_publish(Tc_fileimportproductoffer_01.java:158)
at java.base/jdk.internal.reflect.DirectMethodHandleAccessor.invoke(DirectMethodHandleAccessor.java:104)
at java.base/java.lang.reflect.Method.invoke(Method.java:565)
at org.testng.internal.invokers.MethodInvocationHelper.invokeMethod(MethodInvocationHelper.java:141)
at org.testng.internal.invokers.TestInvoker.invokeMethod(TestInvoker.java:686)
at org.testng.internal.invokers.TestInvoker.invokeTestMethod(TestInvoker.java:230)
at org.testng.internal.invokers.MethodRunner.runInSequence(MethodRunner.java:63)
at org.testng.internal.invokers.TestInvoker$MethodInvocationAgent.invoke(TestInvoker.java:992)
at org.testng.internal.invokers.TestInvoker.invokeTestMethods(TestInvoker.java:203)
at org.testng.internal.invokers.TestMethodWorker.invokeTestMethods(TestMethodWorker.java:154)
at org.testng.internal.invokers.TestMethodWorker.run(TestMethodWorker.java:134)
at java.base/java.util.ArrayList.forEach(ArrayList.java:1612)
at org.testng.TestRunner.privateRun(TestRunner.java:739)
at org.testng.TestRunner.run(TestRunner.java:614)
at org.testng.SuiteRunner.runTest(SuiteRunner.java:421)
at org.testng.SuiteRunner.runSequentially(SuiteRunner.java:413)
at org.testng.SuiteRunner.privateRun(SuiteRunner.java:373)
at org.testng.SuiteRunner.run(SuiteRunner.java:312)
at org.testng.SuiteRunnerWorker.runSuite(SuiteRunnerWorker.java:52)
at org.testng.SuiteRunnerWorker.run(SuiteRunnerWorker.java:95)
at org.testng.TestNG.runSuitesSequentially(TestNG.java:1274)
at org.testng.TestNG.runSuitesLocally(TestNG.java:1208)
at org.testng.TestNG.runSuites(TestNG.java:1112)
at org.testng.TestNG.run(TestNG.java:1079)
at org.testng.remote.AbstractRemoteTestNG.run(AbstractRemoteTestNG.java:115)
at org.testng.remote.RemoteTestNG.initAndRun(RemoteTestNG.java:293)
at org.testng.remote.RemoteTestNG.main(RemoteTestNG.java:91)
]]>
    </failure>
  </testcase> <!-- tc_fileimportproductoffer_01_bulk_import_and_publish -->
</testsuite> <!-- Default test -->
