<?xml version="1.0" encoding="UTF-8"?>
<!-- Generated by org.testng.reporters.JUnitXMLReporter -->
<testsuite ignored="0" hostname="KVITSPL-0742" failures="0" tests="3" name="All Tests" time="13.136" errors="0" timestamp="2026-08-17T17:21:30 IST">
  <testcase classname="com.fda.automation.tests.LoginTest" name="testEmptyCredentialsShowsError" time="4.389"/>
  <testcase classname="com.fda.automation.tests.LoginTest" name="testInvalidPasswordShowsError" time="4.395"/>
  <testcase classname="com.fda.automation.tests.LoginTest" name="testSuccessfulLogin" time="4.148"/>
</testsuite> <!-- All Tests -->
