<?xml version="1.0" encoding="UTF-8"?>
<testsuite xmlns:xsi="http://www.w3.org/2001/XMLSchema-instance" xsi:noNamespaceSchemaLocation="https://maven.apache.org/surefire/maven-surefire-plugin/xsd/surefire-test-report.xsd" version="3.0.1" name="TestSuite" time="13.871" tests="3" errors="0" skipped="0" failures="0">
  <properties>
[...]
</properties>
  <testcase name="testInvalidPasswordShowsError" classname="com.fda.automation.tests.LoginTest" time="4.393">
    <system-out><![CDATA[17:21:17.743 [INFO ] [main] com.fda.automation.listeners.TestListener — === Suite started: All Tests ===
17:21:18.036 [INFO ] [TestNG-test-All Tests-2] io.github.bonigarcia.wdm.WebDriverManager — Using chromedriver 151.0.7922.138 (resolved driver for Chrome 151)
17:21:18.036 [INFO ] [TestNG-test-All Tests-1] io.github.bonigarcia.wdm.WebDriverManager — Using chromedriver 151.0.7922.138 (resolved driver for Chrome 151)
17:21:18.064 [INFO ] [TestNG-test-All Tests-1] io.github.bonigarcia.wdm.WebDriverManager — Exporting webdriver.chrome.driver as C:\Users\ShubhamKumarThakur\.cache\selenium\chromedriver\win64\151.0.7922.138\chromedriver.exe
17:21:18.065 [INFO ] [TestNG-test-All Tests-2] io.github.bonigarcia.wdm.WebDriverManager — Exporting webdriver.chrome.driver as C:\Users\ShubhamKumarThakur\.cache\selenium\chromedriver\win64\151.0.7922.138\chromedriver.exe
17:21:19.438 [INFO ] [TestNG-test-All Tests-2] com.fda.automation.base.BaseTest — Browser started [thread=38]
17:21:19.442 [INFO ] [TestNG-test-All Tests-2] com.fda.automation.listeners.TestListener — >>> START: testInvalidPasswordShowsError
17:21:19.444 [INFO ] [TestNG-test-All Tests-1] com.fda.automation.base.BaseTest — Browser started [thread=37]
17:21:19.445 [INFO ] [TestNG-test-All Tests-1] com.fda.automation.listeners.TestListener — >>> START: testEmptyCredentialsShowsError
17:21:19.453 [INFO ] [TestNG-test-All Tests-1] com.fda.automation.base.BasePage — Navigate to: https://the-internet.herokuapp.com/login
17:21:19.453 [INFO ] [TestNG-test-All Tests-2] com.fda.automation.base.BasePage — Navigate to: https://the-internet.herokuapp.com/login
17:21:22.474 [INFO ] [TestNG-test-All Tests-2] com.fda.automation.base.BasePage — Logging in as: tomsmith
17:21:22.535 [INFO ] [TestNG-test-All Tests-1] com.fda.automation.base.BasePage — Logging in as: 
17:21:23.836 [INFO ] [TestNG-test-All Tests-1] com.fda.automation.listeners.TestListener — >>> PASS:  testEmptyCredentialsShowsError
17:21:23.836 [INFO ] [TestNG-test-All Tests-2] com.fda.automation.listeners.TestListener — >>> PASS:  testInvalidPasswordShowsError
]]></system-out>
  </testcase>
  <testcase name="testEmptyCredentialsShowsError" classname="com.fda.automation.tests.LoginTest" time="4.393"/>
  <testcase name="testSuccessfulLogin" classname="com.fda.automation.tests.LoginTest" time="4.147">
    <system-out><![CDATA[17:21:24.933 [INFO ] [TestNG-test-All Tests-2] com.fda.automation.base.BaseTest — Browser closed [thread=38]
17:21:24.937 [INFO ] [TestNG-test-All Tests-1] com.fda.automation.base.BaseTest — Browser closed [thread=37]
17:21:24.960 [INFO ] [TestNG-test-All Tests-2] io.github.bonigarcia.wdm.WebDriverManager — Using chromedriver 151.0.7922.138 (resolved driver for Chrome 151)
17:21:24.986 [INFO ] [TestNG-test-All Tests-2] io.github.bonigarcia.wdm.WebDriverManager — Exporting webdriver.chrome.driver as C:\Users\ShubhamKumarThakur\.cache\selenium\chromedriver\win64\151.0.7922.138\chromedriver.exe
17:21:25.843 [INFO ] [TestNG-test-All Tests-2] com.fda.automation.base.BaseTest — Browser started [thread=38]
17:21:25.844 [INFO ] [TestNG-test-All Tests-2] com.fda.automation.listeners.TestListener — >>> START: testSuccessfulLogin
17:21:25.845 [INFO ] [TestNG-test-All Tests-2] com.fda.automation.base.BasePage — Navigate to: https://the-internet.herokuapp.com/login
17:21:28.775 [INFO ] [TestNG-test-All Tests-2] com.fda.automation.base.BasePage — Logging in as: tomsmith
17:21:29.992 [INFO ] [TestNG-test-All Tests-2] com.fda.automation.listeners.TestListener — >>> PASS:  testSuccessfulLogin
]]></system-out>
  </testcase>
</testsuite>