<?xml version="1.0" encoding="UTF-8"?>
<!-- Generated by org.testng.reporters.JUnitXMLReporter -->
<testsuite ignored="0" hostname="KVITSPL-0979" failures="1" tests="1" name="Command line test" time="96.433" errors="0" timestamp="2026-09-17T12:43:05 IST">
  <testcase classname="FDA_Automation_Script.FDA_Automation_Script.tests.TC_E2E_003_Test" name="tc_e2e_003_create_product_offer_end_to_end" time="95.821">
    <failure type="org.openqa.selenium.NoSuchSessionException" message="invalid session id
Build info: version: &amp;apos;4.21.0&amp;apos;, revision: &amp;apos;79ed462ef4&amp;apos;
System info: os.name: &amp;apos;Windows 11&amp;apos;, os.arch: &amp;apos;amd64&amp;apos;, os.version: &amp;apos;10.0&amp;apos;, java.version: &amp;apos;26.0.1&amp;apos;
Driver info: org.openqa.selenium.edge.EdgeDriver
Command: [6fd49095b981cc0aa7b3f92651acffcc, screenshot {}]
Capabilities {acceptInsecureCerts: false, browserName: MicrosoftEdge, browserVersion: 153.0.4234.32, fedcm:accounts: true, goog:processID: 30924, ms:edgeOptions: {debuggerAddress: localhost:53041}, msedge: {msedgedriverVersion: 153.0.4234.32 (9aab8632678b..., userDataDir: C:\Users\JanviNag\AppData\L...}, networkConnectionEnabled: false, pageLoadStrategy: normal, platformName: windows, proxy: Proxy(), se:cdp: ws://localhost:53041/devtoo..., se:cdpVersion: 153.0.4234.32, setWindowRect: true, strictFileInteractability: false, timeouts: {implicit: 0, pageLoad: 300000, script: 30000}, unhandledPromptBehavior: dismiss and notify, webauthn:extension:cmtgKey: true, webauthn:extension:credBlob: true, webauthn:extension:largeBlob: true, webauthn:extension:minPinLength: true, webauthn:extension:prf: true, webauthn:virtualAuthenticators: true}
Session ID: 6fd49095b981cc0aa7b3f92651acffcc">
      <![CDATA[org.openqa.selenium.NoSuchSessionException: invalid session id
Build info: version: '4.21.0', revision: '79ed462ef4'
System info: os.name: 'Windows 11', os.arch: 'amd64', os.version: '10.0', java.version: '26.0.1'
Driver info: org.openqa.selenium.edge.EdgeDriver
Command: [6fd49095b981cc0aa7b3f92651acffcc, screenshot {}]
Capabilities {acceptInsecureCerts: false, browserName: MicrosoftEdge, browserVersion: 153.0.4234.32, fedcm:accounts: true, goog:processID: 30924, ms:edgeOptions: {debuggerAddress: localhost:53041}, msedge: {msedgedriverVersion: 153.0.4234.32 (9aab8632678b..., userDataDir: C:\Users\JanviNag\AppData\L...}, networkConnectionEnabled: false, pageLoadStrategy: normal, platformName: windows, proxy: Proxy(), se:cdp: ws://localhost:53041/devtoo..., se:cdpVersion: 153.0.4234.32, setWindowRect: true, strictFileInteractability: false, timeouts: {implicit: 0, pageLoad: 300000, script: 30000}, unhandledPromptBehavior: dismiss and notify, webauthn:extension:cmtgKey: true, webauthn:extension:credBlob: true, webauthn:extension:largeBlob: true, webauthn:extension:minPinLength: true, webauthn:extension:prf: true, webauthn:virtualAuthenticators: true}
Session ID: 6fd49095b981cc0aa7b3f92651acffcc
at org.openqa.selenium.remote.ErrorCodec.decode(ErrorCodec.java:167)
at org.openqa.selenium.remote.codec.w3c.W3CHttpResponseCodec.decode(W3CHttpResponseCodec.java:138)
at org.openqa.selenium.remote.codec.w3c.W3CHttpResponseCodec.decode(W3CHttpResponseCodec.java:50)
at org.openqa.selenium.remote.HttpCommandExecutor.execute(HttpCommandExecutor.java:190)
at org.openqa.selenium.remote.service.DriverCommandExecutor.invokeExecute(DriverCommandExecutor.java:216)
at org.openqa.selenium.remote.service.DriverCommandExecutor.execute(DriverCommandExecutor.java:174)
at org.openqa.selenium.remote.RemoteWebDriver.execute(RemoteWebDriver.java:518)
at org.openqa.selenium.remote.RemoteWebDriver.execute(RemoteWebDriver.java:591)
at org.openqa.selenium.remote.RemoteWebDriver.execute(RemoteWebDriver.java:595)
at org.openqa.selenium.remote.RemoteWebDriver.getScreenshotAs(RemoteWebDriver.java:321)
at FDA_Automation_Script.FDA_Automation_Script.utils.ScreenshotUtility.captureScreenshot(ScreenshotUtility.java:26)
at FDA_Automation_Script.FDA_Automation_Script.tests.TC_E2E_003_Test.tc_e2e_003_create_product_offer_end_to_end(TC_E2E_003_Test.java:338)
at java.base/java.util.ArrayList.forEach(ArrayList.java:1612)
... Removed 27 stack frames]]>
    </failure>
  </testcase> <!-- tc_e2e_003_create_product_offer_end_to_end -->
</testsuite> <!-- Command line test -->
