<?xml version="1.0" encoding="UTF-8"?>
<testng-results ignored="0" total="1" passed="0" failed="1" skipped="0">
  <reporter-output>
  </reporter-output>
  <suite started-at="2026-09-21T10:22:52 IST" name="Default suite" finished-at="2026-09-21T10:23:30 IST" duration-ms="37374">
    <groups>
      <group name="FBS">
        <method signature="TC_FBS_017_Test.tc_fbs_017_place_order_2products_diff_sellers_fbs_fulfillment_and_return_one_seller()[pri:0, instance:FDA_Automation_Script.FDA_Automation_Script.tests.TC_FBS_017_Test@3aa078fd]" name="tc_fbs_017_place_order_2products_diff_sellers_fbs_fulfillment_and_return_one_seller" class="FDA_Automation_Script.FDA_Automation_Script.tests.TC_FBS_017_Test"/>
      </group> <!-- FBS -->
    </groups>
    <test started-at="2026-09-21T10:22:52 IST" name="Default test" finished-at="2026-09-21T10:23:30 IST" duration-ms="37374">
      <class name="FDA_Automation_Script.FDA_Automation_Script.tests.TC_FBS_017_Test">
        <test-method is-config="true" signature="setupSuite()[pri:0, instance:FDA_Automation_Script.FDA_Automation_Script.tests.TC_FBS_017_Test@3aa078fd]" started-at="2026-09-21T10:22:17 IST" name="setupSuite" finished-at="2026-09-21T10:22:52 IST" duration-ms="35216" status="PASS">
          <reporter-output>
          </reporter-output>
        </test-method> <!-- setupSuite -->
        <test-method is-config="true" signature="initPageObjects()[pri:0, instance:FDA_Automation_Script.FDA_Automation_Script.tests.TC_FBS_017_Test@3aa078fd]" started-at="2026-09-21T10:22:52 IST" name="initPageObjects" finished-at="2026-09-21T10:22:52 IST" duration-ms="21" status="PASS">
          <reporter-output>
          </reporter-output>
        </test-method> <!-- initPageObjects -->
        <test-method is-config="true" signature="loginForFBS()[pri:0, instance:FDA_Automation_Script.FDA_Automation_Script.tests.TC_FBS_017_Test@3aa078fd]" started-at="2026-09-21T10:22:52 IST" name="loginForFBS" finished-at="2026-09-21T10:23:03 IST" duration-ms="10118" status="PASS">
          <reporter-output>
          </reporter-output>
        </test-method> <!-- loginForFBS -->
        <test-method signature="tc_fbs_017_place_order_2products_diff_sellers_fbs_fulfillment_and_return_one_seller()[pri:0, instance:FDA_Automation_Script.FDA_Automation_Script.tests.TC_FBS_017_Test@3aa078fd]" started-at="2026-09-21T10:23:03 IST" name="tc_fbs_017_place_order_2products_diff_sellers_fbs_fulfillment_and_return_one_seller" description="Verify FBS order placement (2 products qty=1 each, 2 different 3P sellers), full fulfilment of BOTH shipments, and a full return/refund of ONLY WEB-B (one seller): FDA -&gt; Mirakl Accept (both) -&gt; Kibo (FBS) -&gt; Documents/Tracking -&gt; Shipped -&gt; Received (both) -&gt; Return (WEB-B only) -&gt; Compliance -&gt; Full Refund -&gt; WEB-B Closed" finished-at="2026-09-21T10:23:29 IST" duration-ms="26953" status="FAIL">
          <exception class="java.lang.AssertionError">
            <message>
              <![CDATA[PDP not displayed for first product SKU: 32982398137 expected [true] but found [false]]]>
            </message>
            <full-stacktrace>
              <![CDATA[java.lang.AssertionError: PDP not displayed for first product SKU: 32982398137 expected [true] but found [false]
at org.testng.Assert.fail(Assert.java:111)
at org.testng.Assert.failNotEquals(Assert.java:1578)
at org.testng.Assert.assertTrue(Assert.java:57)
at FDA_Automation_Script.FDA_Automation_Script.tests.TC_FBS_017_Test.tc_fbs_017_place_order_2products_diff_sellers_fbs_fulfillment_and_return_one_seller(TC_FBS_017_Test.java:156)
at java.base/jdk.internal.reflect.DirectMethodHandleAccessor.invoke(DirectMethodHandleAccessor.java:103)
at java.base/java.lang.reflect.Method.invoke(Method.java:580)
at org.testng.internal.invokers.MethodInvocationHelper.invokeMethod(MethodInvocationHelper.java:141)
at org.testng.internal.invokers.TestInvoker.invokeMethod(TestInvoker.java:686)
at org.testng.internal.invokers.TestInvoker.invokeTestMethod(TestInvoker.java:230)
at org.testng.internal.invokers.MethodRunner.runInSequence(MethodRunner.java:63)
at org.testng.internal.invokers.TestInvoker$MethodInvocationAgent.invoke(TestInvoker.java:992)
at org.testng.internal.invokers.TestInvoker.invokeTestMethods(TestInvoker.java:203)
at org.testng.internal.invokers.TestMethodWorker.invokeTestMethods(TestMethodWorker.java:154)
at org.testng.internal.invokers.TestMethodWorker.run(TestMethodWorker.java:134)
at java.base/java.util.ArrayList.forEach(ArrayList.java:1596)
at org.testng.TestRunner.privateRun(TestRunner.java:739)
at org.testng.TestRunner.run(TestRunner.java:614)
at org.testng.SuiteRunner.runTest(SuiteRunner.java:421)
at org.testng.SuiteRunner.runSequentially(SuiteRunner.java:413)
at org.testng.SuiteRunner.privateRun(SuiteRunner.java:373)
at org.testng.SuiteRunner.run(SuiteRunner.java:312)
at org.testng.SuiteRunnerWorker.runSuite(SuiteRunnerWorker.java:52)
at org.testng.SuiteRunnerWorker.run(SuiteRunnerWorker.java:95)
at org.testng.TestNG.runSuitesSequentially(TestNG.java:1274)
at org.testng.TestNG.runSuitesLocally(TestNG.java:1208)
at org.testng.TestNG.runSuites(TestNG.java:1112)
at org.testng.TestNG.run(TestNG.java:1079)
at org.testng.remote.AbstractRemoteTestNG.run(AbstractRemoteTestNG.java:115)
at org.testng.remote.RemoteTestNG.initAndRun(RemoteTestNG.java:293)
at org.testng.remote.RemoteTestNG.main(RemoteTestNG.java:91)
]]>
            </full-stacktrace>
          </exception> <!-- java.lang.AssertionError -->
          <reporter-output>
          </reporter-output>
        </test-method> <!-- tc_fbs_017_place_order_2products_diff_sellers_fbs_fulfillment_and_return_one_seller -->
        <test-method is-config="true" signature="navigateToHomePage()[pri:0, instance:FDA_Automation_Script.FDA_Automation_Script.tests.TC_FBS_017_Test@3aa078fd]" started-at="2026-09-21T10:23:29 IST" name="navigateToHomePage" finished-at="2026-09-21T10:23:30 IST" duration-ms="188" status="PASS">
          <reporter-output>
          </reporter-output>
        </test-method> <!-- navigateToHomePage -->
        <test-method is-config="true" signature="logoutAfterFBS()[pri:0, instance:FDA_Automation_Script.FDA_Automation_Script.tests.TC_FBS_017_Test@3aa078fd]" started-at="2026-09-21T10:23:30 IST" name="logoutAfterFBS" finished-at="2026-09-21T10:23:30 IST" duration-ms="6" status="PASS">
          <reporter-output>
          </reporter-output>
        </test-method> <!-- logoutAfterFBS -->
        <test-method is-config="true" signature="tearDownSuite()[pri:0, instance:FDA_Automation_Script.FDA_Automation_Script.tests.TC_FBS_017_Test@3aa078fd]" started-at="2026-09-21T10:23:30 IST" name="tearDownSuite" finished-at="2026-09-21T10:23:30 IST" duration-ms="28" status="PASS">
          <reporter-output>
          </reporter-output>
        </test-method> <!-- tearDownSuite -->
      </class> <!-- FDA_Automation_Script.FDA_Automation_Script.tests.TC_FBS_017_Test -->
    </test> <!-- Default test -->
  </suite> <!-- Default suite -->
</testng-results>
