<?xml version="1.0" encoding="UTF-8"?>
<!-- Generated by org.testng.reporters.JUnitXMLReporter -->
<testsuite ignored="0" hostname="KVITSPL-0979" failures="1" tests="1" name="Tc_fileimportproductoffer_01 - live probe run" time="1446.177" errors="0" timestamp="2026-09-12T15:42:43 IST">
  <testcase classname="FDA_Automation_Script.FDA_Automation_Script.tests.Tc_fileimportproductoffer_01" name="tc_fileimportproductoffer_01_bulk_import_and_publish" time="1445.692">
    <failure type="java.lang.AssertionError" message="Tc_fileimportproductoffer_01 — 1 of 2 product(s) failed: [06518298] expected [true] but found [false]">
      <![CDATA[java.lang.AssertionError: Tc_fileimportproductoffer_01 — 1 of 2 product(s) failed: [06518298] expected [true] but found [false]
at FDA_Automation_Script.FDA_Automation_Script.tests.Tc_fileimportproductoffer_01.tc_fileimportproductoffer_01_bulk_import_and_publish(Tc_fileimportproductoffer_01.java:628)
at java.base/java.util.ArrayList.forEach(ArrayList.java:1612)
... Removed 27 stack frames]]>
    </failure>
  </testcase> <!-- tc_fileimportproductoffer_01_bulk_import_and_publish -->
</testsuite> <!-- Tc_fileimportproductoffer_01 - live probe run -->
