<?xml version="1.0" encoding="UTF-8"?>
<!-- Generated by org.testng.reporters.JUnitXMLReporter -->
<testsuite ignored="0" hostname="KVITSPL-0979" failures="1" tests="1" name="Tc_manualproductandoffercreation_01 - live probe run" time="166.046" errors="0" timestamp="2026-09-14T11:22:33 IST">
  <testcase classname="FDA_Automation_Script.FDA_Automation_Script.tests.Tc_manualproductandoffercreation_01" name="tc_manualproductandoffercreation_01_seller_creates_product_and_offer" time="165.569">
    <failure type="java.lang.AssertionError" message="Tc_manualproductandoffercreation_01 — Retry 1: mandatory field checklist still failing after targeted retry — Mandatory field checklist failed — 1 field(s) not ready for Submit:
Fragile — present but empty/not selected">
      <![CDATA[java.lang.AssertionError: Tc_manualproductandoffercreation_01 — Retry 1: mandatory field checklist still failing after targeted retry — Mandatory field checklist failed — 1 field(s) not ready for Submit:
Fragile — present but empty/not selected
at FDA_Automation_Script.FDA_Automation_Script.tests.Tc_manualproductandoffercreation_01.tc_manualproductandoffercreation_01_seller_creates_product_and_offer(Tc_manualproductandoffercreation_01.java:394)
at java.base/java.util.ArrayList.forEach(ArrayList.java:1612)
Caused by: java.lang.RuntimeException: Mandatory field checklist failed — 1 field(s) not ready for Submit:
Fragile — present but empty/not selected
at FDA_Automation_Script.FDA_Automation_Script.pages.mirakl.MiraklOfferPage.runNamedMandatoryFieldsChecklist(MiraklOfferPage.java:682)
at FDA_Automation_Script.FDA_Automation_Script.tests.Tc_manualproductandoffercreation_01.tc_manualproductandoffercreation_01_seller_creates_product_and_offer(Tc_manualproductandoffercreation_01.java:383)
... 25 more
... Removed 24 stack frames]]>
    </failure>
  </testcase> <!-- tc_manualproductandoffercreation_01_seller_creates_product_and_offer -->
</testsuite> <!-- Tc_manualproductandoffercreation_01 - live probe run -->
