<?xml version="1.0" encoding="UTF-8"?>
<!-- Generated by org.testng.reporters.JUnitReportReporter -->
<testsuite hostname="KVITSPL-0977" failures="0" tests="1" name="FDA_Automation_Script.FDA_Automation_Script.tests.TC_FBS_012_Test" time="707.221" errors="0" timestamp="2026-09-10T12:19:56 IST" skipped="0">
  <testcase classname="FDA_Automation_Script.FDA_Automation_Script.tests.TC_FBS_012_Test" name="tc_fbs_012_place_order_2products_diff_sellers_qty2_paypal_fbs_full_fulfillment" time="707.221"/>
</testsuite> <!-- FDA_Automation_Script.FDA_Automation_Script.tests.TC_FBS_012_Test -->
