<?xml version="1.0" encoding="UTF-8"?>
<!-- Generated by org.testng.reporters.JUnitReportReporter -->
<testsuite hostname="KVITSPL-0979" failures="0" tests="1" name="FDA_Automation_Script.FDA_Automation_Script.tests.Tc_manualoffercreation_01" time="67.657" errors="0" timestamp="2026-09-17T13:12:44 IST" skipped="0">
  <testcase classname="FDA_Automation_Script.FDA_Automation_Script.tests.Tc_manualoffercreation_01" name="tc_manualoffercreation_01_seller_creates_offer_operator_verifies" time="67.657"/>
</testsuite> <!-- FDA_Automation_Script.FDA_Automation_Script.tests.Tc_manualoffercreation_01 -->
