<?xml version="1.0" encoding="UTF-8"?>
<!-- Generated by org.testng.reporters.JUnitReportReporter -->
<testsuite hostname="KVITSPL-0742" failures="0" tests="1" name="FDA_Automation_Script.FDA_Automation_Script.tests.TC_FBO_011_Test" time="592.672" errors="0" timestamp="2026-08-21T10:18:01 IST" skipped="0">
  <testcase classname="FDA_Automation_Script.FDA_Automation_Script.tests.TC_FBO_011_Test" name="tc_fbo_011_two_products_qty1_paypal_two_sellers_full_fulfillment" time="592.672"/>
</testsuite> <!-- FDA_Automation_Script.FDA_Automation_Script.tests.TC_FBO_011_Test -->
