<?xml version="1.0" encoding="UTF-8"?>
<!-- Generated by org.testng.reporters.JUnitReportReporter -->
<testsuite hostname="KVITSPL-0979" failures="0" tests="1" name="FDA_Automation_Script.FDA_Automation_Script.tests.Tc_fileimportproductoffer_01" time="925.893" errors="0" timestamp="2026-09-17T13:12:44 IST" skipped="0">
  <testcase classname="FDA_Automation_Script.FDA_Automation_Script.tests.Tc_fileimportproductoffer_01" name="tc_fileimportproductoffer_01_bulk_import_and_publish" time="925.893"/>
</testsuite> <!-- FDA_Automation_Script.FDA_Automation_Script.tests.Tc_fileimportproductoffer_01 -->
