<?xml version="1.0" encoding="UTF-8"?>
<!-- Generated by org.testng.reporters.JUnitReportReporter -->
<testsuite hostname="KVITSPL-0979" failures="0" tests="1" name="FDA_Automation_Script.FDA_Automation_Script.tests.Tc_manualproductandoffercreation_01_DIAG" time="188.947" errors="0" timestamp="2026-09-15T12:41:53 IST" skipped="0">
  <testcase classname="FDA_Automation_Script.FDA_Automation_Script.tests.Tc_manualproductandoffercreation_01_DIAG" name="tc_manualproductandoffercreation_01_diag" time="188.947"/>
</testsuite> <!-- FDA_Automation_Script.FDA_Automation_Script.tests.Tc_manualproductandoffercreation_01_DIAG -->
