<?xml version="1.0" encoding="UTF-8"?>
<!-- Generated by org.testng.reporters.JUnitReportReporter -->
<testsuite hostname="KVITSPL-0742" failures="0" tests="1" name="FDA_Automation_Script.FDA_Automation_Script.tests.TC_FBO_002_Test" time="498.573" errors="0" timestamp="2026-08-13T17:55:54 IST" skipped="0">
  <testcase classname="FDA_Automation_Script.FDA_Automation_Script.tests.TC_FBO_002_Test" name="tc_fbo_002_dual_product_3p_seller_full_fulfillment" time="498.573"/>
</testsuite> <!-- FDA_Automation_Script.FDA_Automation_Script.tests.TC_FBO_002_Test -->
