<?xml version="1.0" encoding="UTF-8"?>
<!-- Generated by org.testng.reporters.JUnitReportReporter -->
<testsuite hostname="KVITSPL-0742" failures="0" tests="1" name="FDA_Automation_Script.FDA_Automation_Script.tests.TC_FBO_008_Test" time="493.152" errors="0" timestamp="2026-08-20T15:04:13 IST" skipped="0">
  <testcase classname="FDA_Automation_Script.FDA_Automation_Script.tests.TC_FBO_008_Test" name="tc_fbo_008_two_products_qty1_paypal_one_seller_full_fulfillment" time="493.152"/>
</testsuite> <!-- FDA_Automation_Script.FDA_Automation_Script.tests.TC_FBO_008_Test -->
