<?xml version="1.0" encoding="UTF-8"?>
<!-- Generated by org.testng.reporters.JUnitReportReporter -->
<testsuite hostname="KVITSPL-0742" failures="0" tests="2" name="FDA_Automation_Script.FDA_Automation_Script.tests.TC_OU_009_Test" time="6.972" errors="1" timestamp="2026-09-17T13:06:37 IST" skipped="1">
  <testcase classname="FDA_Automation_Script.FDA_Automation_Script.tests.TC_OU_009_Test" name="setupSuite" time="6.972">
    <error message="Environment variable skhullar+90764@kognivera.com is not set — required to run TC_OU_009. Set it before launching the test run." type="java.lang.IllegalStateException">
      <![CDATA[java.lang.IllegalStateException: Environment variable skhullar+90764@kognivera.com is not set — required to run TC_OU_009. Set it before launching the test run.
at FDA_Automation_Script.FDA_Automation_Script.tests.TC_OU_009_Test.requireEnv(TC_OU_009_Test.java:59)
at FDA_Automation_Script.FDA_Automation_Script.tests.TC_OU_009_Test.setupSuite(TC_OU_009_Test.java:127)
at java.base/jdk.internal.reflect.DirectMethodHandleAccessor.invoke(DirectMethodHandleAccessor.java:103)
at java.base/java.lang.reflect.Method.invoke(Method.java:580)
at org.testng.internal.invokers.MethodInvocationHelper.invokeMethod(MethodInvocationHelper.java:141)
at org.testng.internal.invokers.MethodInvocationHelper.invokeMethodConsideringTimeout(MethodInvocationHelper.java:71)
at org.testng.internal.invokers.ConfigInvoker.invokeConfigurationMethod(ConfigInvoker.java:400)
at org.testng.internal.invokers.ConfigInvoker.invokeConfigurations(ConfigInvoker.java:333)
at org.testng.SuiteRunner.privateRun(SuiteRunner.java:358)
at org.testng.SuiteRunner.run(SuiteRunner.java:312)
at org.testng.SuiteRunnerWorker.runSuite(SuiteRunnerWorker.java:52)
at org.testng.SuiteRunnerWorker.run(SuiteRunnerWorker.java:95)
at org.testng.TestNG.runSuitesSequentially(TestNG.java:1274)
at org.testng.TestNG.runSuitesLocally(TestNG.java:1208)
at org.testng.TestNG.runSuites(TestNG.java:1112)
at org.testng.TestNG.run(TestNG.java:1079)
at org.testng.remote.AbstractRemoteTestNG.run(AbstractRemoteTestNG.java:115)
at org.testng.remote.RemoteTestNG.initAndRun(RemoteTestNG.java:293)
at org.testng.remote.RemoteTestNG.main(RemoteTestNG.java:91)
]]>
    </error>
  </testcase> <!-- setupSuite -->
  <testcase classname="FDA_Automation_Script.FDA_Automation_Script.tests.TC_OU_009_Test" name="tc_e2e_009_seller_update_offer_price_via_excel" time="0.000">
    <skipped/>
  </testcase> <!-- tc_e2e_009_seller_update_offer_price_via_excel -->
</testsuite> <!-- FDA_Automation_Script.FDA_Automation_Script.tests.TC_OU_009_Test -->
