<?xml version="1.0" encoding="UTF-8"?>
<!-- Generated by org.testng.reporters.JUnitReportReporter -->
<testsuite hostname="KVITSPL-0742" failures="0" tests="1" name="FDA_Automation_Script.FDA_Automation_Script.tests.TC_FBO_009_Test" time="501.307" errors="0" timestamp="2026-08-20T16:10:42 IST" skipped="0">
  <testcase classname="FDA_Automation_Script.FDA_Automation_Script.tests.TC_FBO_009_Test" name="tc_fbo_009_one_product_qty2_paypal_one_seller_full_fulfillment" time="501.307"/>
</testsuite> <!-- FDA_Automation_Script.FDA_Automation_Script.tests.TC_FBO_009_Test -->
