<?xml version="1.0" encoding="UTF-8"?>
<!-- Generated by org.testng.reporters.JUnitReportReporter -->
<testsuite hostname="KVITSPL-0977" failures="0" tests="1" name="FDA_Automation_Script.FDA_Automation_Script.tests.TC_FBS_015_Test" time="373.434" errors="0" timestamp="2026-09-18T14:45:51 IST" skipped="0">
  <testcase classname="FDA_Automation_Script.FDA_Automation_Script.tests.TC_FBS_015_Test" name="tc_fbs_015_place_order_qty2_fbs_full_fulfillment_and_return" time="373.434"/>
</testsuite> <!-- FDA_Automation_Script.FDA_Automation_Script.tests.TC_FBS_015_Test -->
