<?xml version="1.0" encoding="UTF-8"?>
<!-- Generated by org.testng.reporters.JUnitReportReporter -->
<testsuite hostname="KVITSPL-0979" failures="0" tests="1" name="FDA_Automation_Script.FDA_Automation_Script.tests.TC_FBO_001_Test" time="497.719" errors="0" timestamp="2026-09-07T17:58:16 IST" skipped="0">
  <testcase classname="FDA_Automation_Script.FDA_Automation_Script.tests.TC_FBO_001_Test" name="tc_fbo_001_place_order_3p_seller_full_fulfillment" time="497.719"/>
</testsuite> <!-- FDA_Automation_Script.FDA_Automation_Script.tests.TC_FBO_001_Test -->
