<?xml version="1.0" encoding="UTF-8"?>
<!-- Generated by org.testng.reporters.JUnitReportReporter -->
<testsuite hostname="KVITSPL-0742" failures="0" tests="1" name="FDA_Automation_Script.FDA_Automation_Script.tests.TC_FBO_029_Test" time="0.000" errors="0" timestamp="2026-09-16T18:57:16 IST" skipped="1">
  <testcase classname="FDA_Automation_Script.FDA_Automation_Script.tests.TC_FBO_029_Test" name="tc_fbo_029_qty2_seller_cancel_flow" time="0.000">
    <skipped/>
  </testcase> <!-- tc_fbo_029_qty2_seller_cancel_flow -->
</testsuite> <!-- FDA_Automation_Script.FDA_Automation_Script.tests.TC_FBO_029_Test -->
