<?xml version="1.0" encoding="UTF-8"?>
<!-- Generated by org.testng.reporters.JUnitReportReporter -->
<testsuite hostname="KVITSPL-0977" failures="0" tests="1" name="FDA_Automation_Script.FDA_Automation_Script.tests.TC_FBS_016_Test" time="484.640" errors="0" timestamp="2026-09-18T15:16:49 IST" skipped="0">
  <testcase classname="FDA_Automation_Script.FDA_Automation_Script.tests.TC_FBS_016_Test" name="tc_fbs_016_place_order_2products_qty2_fbs_fulfillment_and_partial_return" time="484.640"/>
</testsuite> <!-- FDA_Automation_Script.FDA_Automation_Script.tests.TC_FBS_016_Test -->
