<?xml version="1.0" encoding="UTF-8"?>
<!-- Generated by org.testng.reporters.JUnitReportReporter -->
<testsuite hostname="KVITSPL-0979" failures="0" tests="1" name="FDA_Automation_Script.FDA_Automation_Script.tests.TC_E2E_004_Test" time="896.545" errors="0" timestamp="2026-09-18T17:38:33 IST" skipped="0">
  <testcase classname="FDA_Automation_Script.FDA_Automation_Script.tests.TC_E2E_004_Test" name="tc_e2e_004_product_import_and_offer_import_end_to_end" time="896.545"/>
</testsuite> <!-- FDA_Automation_Script.FDA_Automation_Script.tests.TC_E2E_004_Test -->
