<?xml version="1.0" encoding="UTF-8"?>
<!-- Generated by org.testng.reporters.JUnitReportReporter -->
<testsuite hostname="KVITSPL-0977" failures="0" tests="1" name="FDA_Automation_Script.FDA_Automation_Script.tests.TC_FBS_014_Test" time="454.457" errors="0" timestamp="2026-09-18T12:28:13 IST" skipped="0">
  <testcase classname="FDA_Automation_Script.FDA_Automation_Script.tests.TC_FBS_014_Test" name="tc_fbs_014_place_order_2products_fbs_fulfillment_and_partial_return" time="454.457"/>
</testsuite> <!-- FDA_Automation_Script.FDA_Automation_Script.tests.TC_FBS_014_Test -->
