<?xml version="1.0" encoding="UTF-8"?>
<!-- Generated by org.testng.reporters.JUnitReportReporter -->
<testsuite hostname="KVITSPL-0742" failures="0" tests="1" name="FDA_Automation_Script.FDA_Automation_Script.tests.TC_FBO_SPLIT_01_Test" time="0.000" errors="0" timestamp="2026-09-16T18:54:36 IST" skipped="1">
  <testcase classname="FDA_Automation_Script.FDA_Automation_Script.tests.TC_FBO_SPLIT_01_Test" name="tc_fbo_split_01_verify_order_split" time="0.000">
    <skipped/>
  </testcase> <!-- tc_fbo_split_01_verify_order_split -->
</testsuite> <!-- FDA_Automation_Script.FDA_Automation_Script.tests.TC_FBO_SPLIT_01_Test -->
