<?xml version="1.0" encoding="UTF-8"?>
<!-- Generated by org.testng.reporters.JUnitReportReporter -->
<testsuite hostname="KVITSPL-0742" failures="0" tests="3" name="com.fda.automation.tests.LoginTest" time="20.246" errors="0" timestamp="2026-08-17T17:21:31 IST" skipped="0">
  <testcase classname="com.fda.automation.tests.LoginTest" name="testEmptyCredentialsShowsError" time="6.165"/>
  <testcase classname="com.fda.automation.tests.LoginTest" name="testInvalidPasswordShowsError" time="7.169"/>
  <testcase classname="com.fda.automation.tests.LoginTest" name="testSuccessfulLogin" time="6.912"/>
</testsuite> <!-- com.fda.automation.tests.LoginTest -->
