<?xml version="1.0" encoding="UTF-8"?>
<!-- Generated by org.testng.reporters.JUnitXMLReporter -->
<testsuite ignored="2" hostname="KVITSPL-0742" failures="0" tests="0" name="Farmacias del Ahorro - FBO Scenarios" time="14.476" errors="0" timestamp="2026-08-04T17:05:51 IST">
  <testcase classname="FDA_Automation_Script.FDA_Automation_Script.base.BaseClass" name="@AfterSuite tearDownSuite" time="0.0">
    <ignored/>
  </testcase> <!-- @AfterSuite tearDownSuite -->
  <testcase classname="FDA_Automation_Script.FDA_Automation_Script.base.BaseClass" name="@BeforeSuite setupSuite" time="0.0">
    <ignored/>
  </testcase> <!-- @BeforeSuite setupSuite -->
</testsuite> <!-- Farmacias del Ahorro - FBO Scenarios -->
