<?xml version="1.0" encoding="UTF-8"?>
<!-- Generated by org.testng.reporters.JUnitXMLReporter -->
<testsuite ignored="0" hostname="KVITSPL-0742" failures="0" tests="1" name="TC_FBO_026 - 1 Product Qty 2 Partial Return Refund Closed" time="0.007" errors="0" timestamp="2026-09-16T18:54:35 IST">
  <testcase classname="FDA_Automation_Script.FDA_Automation_Script.tests.TC_FBO_026_Test" name="tc_fbo_026_single_product_qty2_partial_return_refund" time="0.0">
    <skipped/>
  </testcase> <!-- tc_fbo_026_single_product_qty2_partial_return_refund -->
</testsuite> <!-- TC_FBO_026 - 1 Product Qty 2 Partial Return Refund Closed -->
