<?xml version="1.0" encoding="UTF-8"?>
<!-- Generated by org.testng.reporters.JUnitXMLReporter -->
<testsuite ignored="0" hostname="KVITSPL-0979" failures="0" tests="1" name="Tc_fileimportproductoffer_01 - Bulk Import Product and Offer via File, Accept, Sync, Publish" time="926.377" errors="0" timestamp="2026-09-17T13:12:07 IST">
  <testcase classname="FDA_Automation_Script.FDA_Automation_Script.tests.Tc_fileimportproductoffer_01" name="tc_fileimportproductoffer_01_bulk_import_and_publish" time="925.893"/>
</testsuite> <!-- Tc_fileimportproductoffer_01 - Bulk Import Product and Offer via File, Accept, Sync, Publish -->
