<?xml version="1.0" encoding="UTF-8"?>
<!-- Generated by org.testng.reporters.JUnitXMLReporter -->
<testsuite ignored="0" hostname="KVITSPL-0742" failures="0" tests="1" name="TC_FBO_020 - 1 Product Qty 1 Return Full Refund Closed" time="494.461" errors="0" timestamp="2026-08-13T17:16:41 IST">
  <testcase classname="FDA_Automation_Script.FDA_Automation_Script.tests.TC_FBO_020_Test" name="tc_fbo_020_single_product_qty1_return_refund" time="491.708"/>
</testsuite> <!-- TC_FBO_020 - 1 Product Qty 1 Return Full Refund Closed -->
