<?xml version="1.0" encoding="UTF-8"?>
<!-- Generated by org.testng.reporters.JUnitXMLReporter -->
<testsuite ignored="0" hostname="KVITSPL-0742" failures="0" tests="1" name="TC_FBO_023 - 2 Products Qty 2 Each Return Full Refund Closed" time="695.953" errors="0" timestamp="2026-08-13T17:44:09 IST">
  <testcase classname="FDA_Automation_Script.FDA_Automation_Script.tests.TC_FBO_023_Test" name="tc_fbo_023_dual_product_qty2_return_refund" time="693.613"/>
</testsuite> <!-- TC_FBO_023 - 2 Products Qty 2 Each Return Full Refund Closed -->
