<?xml version="1.0" encoding="UTF-8"?>
<!-- Generated by org.testng.reporters.JUnitXMLReporter -->
<testsuite ignored="0" hostname="KVITSPL-0742" failures="0" tests="1" name="TC_FBO_023 - 2 Products Qty 2 Each Return Full Refund Closed" time="0.01" errors="0" timestamp="2026-09-16T18:54:35 IST">
  <testcase classname="FDA_Automation_Script.FDA_Automation_Script.tests.TC_FBO_023_Test" name="tc_fbo_023_dual_product_qty2_return_refund" time="0.0">
    <skipped/>
  </testcase> <!-- tc_fbo_023_dual_product_qty2_return_refund -->
</testsuite> <!-- TC_FBO_023 - 2 Products Qty 2 Each Return Full Refund Closed -->
