<?xml version="1.0" encoding="UTF-8"?>
<!-- Generated by org.testng.reporters.JUnitXMLReporter -->
<testsuite ignored="0" hostname="KVITSPL-0742" failures="0" tests="1" name="TC_FBO_030 - 2 Products Qty 2 Each by 1 3P Seller Cancel 1 Shipment" time="0.005" errors="0" timestamp="2026-09-16T18:57:16 IST">
  <testcase classname="FDA_Automation_Script.FDA_Automation_Script.tests.TC_FBO_030_Test" name="tc_fbo_030_dual_product_qty2_cancel_one_shipment" time="0.0">
    <skipped/>
  </testcase> <!-- tc_fbo_030_dual_product_qty2_cancel_one_shipment -->
</testsuite> <!-- TC_FBO_030 - 2 Products Qty 2 Each by 1 3P Seller Cancel 1 Shipment -->
