<?xml version="1.0" encoding="UTF-8"?>
<!-- Generated by org.testng.reporters.JUnitXMLReporter -->
<testsuite ignored="0" hostname="KVITSPL-0742" failures="0" tests="1" name="TC_FBO_031 - 2 Products Diff Sellers Qty 1 Each Cancel 1 Shipment" time="0.004" errors="0" timestamp="2026-09-16T18:57:16 IST">
  <testcase classname="FDA_Automation_Script.FDA_Automation_Script.tests.TC_FBO_031_Test" name="tc_fbo_031_dual_product_diff_sellers_cancel_one_shipment" time="0.0">
    <skipped/>
  </testcase> <!-- tc_fbo_031_dual_product_diff_sellers_cancel_one_shipment -->
</testsuite> <!-- TC_FBO_031 - 2 Products Diff Sellers Qty 1 Each Cancel 1 Shipment -->
