<?xml version="1.0" encoding="UTF-8"?>
<!-- Generated by org.testng.reporters.JUnitXMLReporter -->
<testsuite ignored="0" hostname="KVITSPL-0742" failures="1" tests="1" name="TC_FBO_021 - Dual Product Return Full Refund Closed" time="419.912" errors="0" timestamp="2026-08-13T17:23:41 IST">
  <testcase classname="FDA_Automation_Script.FDA_Automation_Script.tests.TC_FBO_021_Test" name="tc_fbo_021_dual_product_return_refund" time="417.904">
    <failure type="java.lang.AssertionError" message="WEB-B should be &amp;apos;Pending acceptance&amp;apos;. Actual: Groeien 15watt LED Sconce Modern Transparent Indoor expected [Pending acceptance] but found [Groeien 15watt LED Sconce Modern Transparent Indoor]">
      <![CDATA[java.lang.AssertionError: WEB-B should be 'Pending acceptance'. Actual: Groeien 15watt LED Sconce Modern Transparent Indoor expected [Pending acceptance] but found [Groeien 15watt LED Sconce Modern Transparent Indoor]
at FDA_Automation_Script.FDA_Automation_Script.tests.TC_FBO_021_Test.tc_fbo_021_dual_product_return_refund(TC_FBO_021_Test.java:271)
at java.base/java.util.ArrayList.forEach(ArrayList.java:1596)
... Removed 30 stack frames]]>
    </failure>
  </testcase> <!-- tc_fbo_021_dual_product_return_refund -->
</testsuite> <!-- TC_FBO_021 - Dual Product Return Full Refund Closed -->
