<?xml version="1.0" encoding="UTF-8"?>
<!-- Generated by org.testng.reporters.JUnitXMLReporter -->
<testsuite ignored="0" hostname="KVITSPL-0742" failures="0" tests="1" name="TC_FBO_022 - 1 Product Qty 2 Return Full Refund Closed" time="532.104" errors="0" timestamp="2026-08-13T17:32:33 IST">
  <testcase classname="FDA_Automation_Script.FDA_Automation_Script.tests.TC_FBO_022_Test" name="tc_fbo_022_single_product_qty2_return_refund" time="530.122"/>
</testsuite> <!-- TC_FBO_022 - 1 Product Qty 2 Return Full Refund Closed -->
