<?xml version="1.0" encoding="UTF-8"?>
<!-- Generated by org.testng.reporters.JUnitXMLReporter -->
<testsuite ignored="0" hostname="KVITSPL-0979" failures="0" tests="1" name="Tc_manualoffercreation_01 - Manual Offer Creation Seller and Operator Verification" time="94.901" errors="0" timestamp="2026-09-17T12:56:41 IST">
  <testcase classname="FDA_Automation_Script.FDA_Automation_Script.tests.Tc_manualoffercreation_01" name="tc_manualoffercreation_01_seller_creates_offer_operator_verifies" time="67.654"/>
</testsuite> <!-- Tc_manualoffercreation_01 - Manual Offer Creation Seller and Operator Verification -->
