<?xml version="1.0" encoding="UTF-8"?>
<!-- Generated by org.testng.reporters.JUnitXMLReporter -->
<testsuite ignored="0" hostname="KVITSPL-0979" failures="1" tests="1" name="Tc_manualproductandoffercreation_01 - Manual Product and Offer Creation, Accept, Sync, Publish" time="35.308" errors="0" timestamp="2026-09-17T13:12:43 IST">
  <testcase classname="FDA_Automation_Script.FDA_Automation_Script.tests.Tc_manualproductandoffercreation_01" name="tc_manualproductandoffercreation_01_seller_creates_product_and_offer" time="35.078">
    <failure type="java.lang.NoSuchMethodError" message="&amp;apos;void FDA_Automation_Script.FDA_Automation_Script.pages.mirakl.MiraklOfferPage.selectProductCategory(java.lang.String[])&amp;apos;">
      <![CDATA[java.lang.NoSuchMethodError: 'void FDA_Automation_Script.FDA_Automation_Script.pages.mirakl.MiraklOfferPage.selectProductCategory(java.lang.String[])'
at FDA_Automation_Script.FDA_Automation_Script.tests.Tc_manualproductandoffercreation_01.tc_manualproductandoffercreation_01_seller_creates_product_and_offer(Tc_manualproductandoffercreation_01.java:218)
at java.base/java.util.ArrayList.forEach(ArrayList.java:1612)
... Removed 25 stack frames]]>
    </failure>
  </testcase> <!-- tc_manualproductandoffercreation_01_seller_creates_product_and_offer -->
</testsuite> <!-- Tc_manualproductandoffercreation_01 - Manual Product and Offer Creation, Accept, Sync, Publish -->
