<?xml version="1.0" encoding="UTF-8"?>
<!-- Generated by org.testng.reporters.JUnitXMLReporter -->
<testsuite ignored="0" hostname="KVITSPL-0742" failures="0" tests="1" name="TC_OU_009 - Seller Update Offer Price via Excel" time="0.114" errors="0" timestamp="2026-09-17T12:57:50 IST">
  <testcase classname="FDA_Automation_Script.FDA_Automation_Script.tests.TC_OU_009_Test" name="@BeforeSuite setupSuite" time="5.214">
    <failure type="java.lang.IllegalStateException" message="Environment variable MIRAKL_SELLER_USERNAME is not set — required to run TC_OU_009. Set it before launching the test run.">
      <![CDATA[java.lang.IllegalStateException: Environment variable MIRAKL_SELLER_USERNAME is not set — required to run TC_OU_009. Set it before launching the test run.
at FDA_Automation_Script.FDA_Automation_Script.tests.TC_OU_009_Test.requireEnv(TC_OU_009_Test.java:59)
at FDA_Automation_Script.FDA_Automation_Script.tests.TC_OU_009_Test.setupSuite(TC_OU_009_Test.java:127)
... Removed 17 stack frames]]>
    </failure>
  </testcase> <!-- @BeforeSuite setupSuite -->
  <testcase classname="FDA_Automation_Script.FDA_Automation_Script.tests.TC_OU_009_Test" name="@BeforeClass initPageObjects" time="0.0">
    <skipped/>
  </testcase> <!-- @BeforeClass initPageObjects -->
  <testcase classname="FDA_Automation_Script.FDA_Automation_Script.base.BaseClass" name="@AfterMethod navigateToHomePage" time="0.0">
    <skipped/>
  </testcase> <!-- @AfterMethod navigateToHomePage -->
  <testcase classname="FDA_Automation_Script.FDA_Automation_Script.tests.TC_OU_009_Test" name="tc_e2e_009_seller_update_offer_price_via_excel" time="0.0">
    <skipped/>
  </testcase> <!-- tc_e2e_009_seller_update_offer_price_via_excel -->
</testsuite> <!-- TC_OU_009 - Seller Update Offer Price via Excel -->
